10:35:18.841 [main] INFO  - ---- TestCase_01_01_EnteringRequiredValuesInHomePage Started ----
10:35:19.478 [main] INFO  - ---- user enters the Car Loan Amoun : 15,00,000 ----
10:35:19.745 [main] INFO  - ---- user enters the Interest Rate : 9.5  ----
10:35:20.035 [main] INFO  - ---- user enters the Loan Tenure Year : 1 ----
10:35:20.035 [main] INFO  - ---- TestCase_01_01_EnteringRequiredValuesInHomePage Ended ----
10:35:20.286 [main] INFO  - ---- TestCase_01_02_DisplayingTheEMIPaymentTable Started ----
10:35:22.523 [main] INFO  - ---- TestCase_01_02_DisplayingTheEMIPaymentTable Ended ----
10:36:27.163 [main] INFO  - ---- TestCase_02_01_StoringTheYearTableInExcel Started ----
10:36:29.911 [main] INFO  - ---- the user navigates to Home Loan EMI Calculator ----
10:36:30.201 [main] DEBUG - Parsing relationship: /xl/_rels/workbook.xml.rels
10:36:30.205 [main] DEBUG - Parsing relationship: /_rels/.rels
10:36:30.474 [main] TRACE - Loading type system org.apache.poi.schemas.ooxml.system.ooxml
10:36:30.477 [main] TRACE - Loading type system org.apache.xmlbeans.metadata.system.sXMLCONFIG
10:36:30.478 [main] TRACE - Loading type system org.apache.xmlbeans.metadata.system.sXMLLANG
10:36:30.478 [main] TRACE - Loading type system org.apache.xmlbeans.metadata.system.sXMLSCHEMA
10:36:30.479 [main] TRACE - Loading type system org.apache.xmlbeans.metadata.system.sXMLTOOLS
10:36:30.480 [main] TRACE - Reading unresolved handles for type system org.apache.xmlbeans.metadata.system.sXMLTOOLS
10:36:30.501 [main] TRACE - Finished loading type system org.apache.xmlbeans.metadata.system.sXMLTOOLS
10:36:30.502 [main] TRACE - Reading unresolved handles for type system org.apache.xmlbeans.metadata.system.sXMLSCHEMA
10:36:30.509 [main] TRACE - Finished loading type system org.apache.xmlbeans.metadata.system.sXMLSCHEMA
10:36:30.510 [main] TRACE - Reading unresolved handles for type system org.apache.xmlbeans.metadata.system.sXMLLANG
10:36:30.512 [main] TRACE - Finished loading type system org.apache.xmlbeans.metadata.system.sXMLLANG
10:36:30.513 [main] TRACE - Reading unresolved handles for type system org.apache.xmlbeans.metadata.system.sXMLCONFIG
10:36:30.515 [main] TRACE - Finished loading type system org.apache.xmlbeans.metadata.system.sXMLCONFIG
10:36:30.516 [main] TRACE - Reading unresolved handles for type system org.apache.poi.schemas.ooxml.system.ooxml
10:36:30.590 [main] TRACE - Finished loading type system org.apache.poi.schemas.ooxml.system.ooxml
10:36:30.591 [main] TRACE - Resolving type for handle themefd26doctype
10:36:30.708 [main] TRACE - Resolving type for handle stylesheet5d8bdoctype
10:36:30.716 [main] TRACE - Resolving type for handle ctstylesheet4257type
10:36:30.729 [main] TRACE - Resolving type for handle ctfonts6623type
10:36:30.737 [main] TRACE - Resolving type for handle ctfont14d8type
10:36:30.754 [main] TRACE - Resolving type for handle ctfills2c6ftype
10:36:30.758 [main] TRACE - Resolving type for handle ctfill550ctype
10:36:30.762 [main] TRACE - Resolving type for handle ctborders0d66type
10:36:30.765 [main] TRACE - Resolving type for handle ctborderf935type
10:36:30.772 [main] TRACE - Resolving type for handle ctcellxfs1322type
10:36:30.777 [main] TRACE - Resolving type for handle ctxf97f7type
10:36:30.782 [main] TRACE - Resolving type for handle ctcellstylexfsa81ftype
10:36:30.789 [main] TRACE - Resolving type for handle ctdxfsb26atype
10:36:30.793 [main] TRACE - Resolving type for handle cttablestyles872ftype
10:36:30.805 [main] TRACE - Resolving type for handle sstf81fdoctype
10:36:30.812 [main] TRACE - Resolving type for handle ctsst44f3type
10:36:30.828 [main] TRACE - Resolving type for handle ctrsta472type
10:36:30.870 [main] TRACE - Resolving type for handle workbookec17doctype
10:36:30.878 [main] TRACE - Resolving type for handle ctworkbook83c3type
10:36:30.889 [main] TRACE - Resolving type for handle ctsheets49fdtype
10:36:30.893 [main] TRACE - Resolving type for handle ctsheet4dbetype
10:36:30.897 [main] TRACE - Resolving type for handle strelationshipid1e94type
10:36:30.902 [main] TRACE - Resolving type for handle worksheetf539doctype
10:36:30.912 [main] TRACE - Resolving type for handle ctworksheet530dtype
10:36:30.931 [main] TRACE - Resolving type for handle ctcols627ctype
10:36:30.941 [main] TRACE - Resolving type for handle ctcola95ftype
10:36:30.976 [main] TRACE - Resolving type for handle ctsheetdata8408type
10:36:30.980 [main] TRACE - Resolving type for handle ctrowdd39type
10:36:30.989 [main] TRACE - Resolving type for handle ctcell842btype
10:36:31.004 [main] TRACE - Resolving type for handle stcellrefe4e0type
10:36:31.055 [main] TRACE - Resolving type for handle stxstringf179type
10:36:31.062 [main] TRACE - Resolving type for handle stcelltypebf95type
10:36:31.074 [main] TRACE - Resolving type for handle stcellstylexfid70c7type
10:36:31.080 [main] TRACE - Resolving type for handle stnumfmtid76fbtype
10:36:44.630 [main] TRACE - Resolving type for handle ctworkbookpr03a5type
10:36:44.633 [main] TRACE - Resolving type for handle ctbookviewsb864type
10:36:44.635 [main] TRACE - Resolving type for handle ctbookviewf677type
10:36:44.639 [main] TRACE - Resolving type for handle propertiesee84doctype
10:36:44.644 [main] TRACE - Resolving type for handle ctproperties3f10type
10:36:44.647 [main] TRACE - Resolving type for handle properties288cdoctype
10:36:44.648 [main] TRACE - Resolving type for handle ctproperties2c18type
10:36:44.650 [main] TRACE - Resolving type for handle ctfontsizeb3b9type
10:36:44.651 [main] TRACE - Resolving type for handle ctcolord2c2type
10:36:44.653 [main] TRACE - Resolving type for handle ctfontname2dc3type
10:36:44.654 [main] TRACE - Resolving type for handle ctfontfamily685ctype
10:36:44.655 [main] TRACE - Resolving type for handle stfontfamily9c6ctype
10:36:44.658 [main] TRACE - Resolving type for handle ctfontschemebf5dtype
10:36:44.659 [main] TRACE - Resolving type for handle stfontschemef36dtype
10:36:44.661 [main] TRACE - Resolving type for handle ctpatternfill7452type
10:36:44.663 [main] TRACE - Resolving type for handle stpatterntype7939type
10:36:44.664 [main] TRACE - Resolving type for handle ctborderpre497type
10:36:44.666 [main] TRACE - Resolving type for handle stfontid9d63type
10:36:44.667 [main] TRACE - Resolving type for handle stfillida097type
10:36:44.668 [main] TRACE - Resolving type for handle stborderid1a80type
10:36:44.670 [main] TRACE - Resolving type for handle ctsheetformatprdef7type
10:36:44.671 [main] TRACE - Resolving type for handle ctsheetviewsb918type
10:36:44.673 [main] TRACE - Resolving type for handle ctsheetview0f43type
10:36:44.676 [main] TRACE - Resolving type for handle ctsheetdimensiond310type
10:36:44.677 [main] TRACE - Resolving type for handle stref90a2type
10:36:44.678 [main] TRACE - Resolving type for handle ctpagemargins5455type
10:36:44.713 [main] TRACE - Resolving type for handle ctnumfmtsb58btype
10:36:44.729 [main] DEBUG - Save core properties part
10:36:44.729 [main] DEBUG - Save content types part
10:36:44.774 [main] DEBUG - Save package relationships
10:36:44.777 [main] DEBUG - Save part 'docProps/app.xml'
10:36:44.777 [main] DEBUG - Save part 'docProps/core.xml'
10:36:44.779 [main] DEBUG - Save part 'xl/sharedStrings.xml'
10:36:44.779 [main] DEBUG - Save part 'xl/styles.xml'
10:36:44.779 [main] DEBUG - Save part 'xl/workbook.xml'
10:36:44.780 [main] DEBUG - Save part 'xl/worksheets/sheet1.xml'
10:36:44.781 [main] DEBUG - Save content types part
10:36:44.782 [main] DEBUG - Save package relationships
10:36:44.782 [main] DEBUG - Save part 'docProps/app.xml'
10:36:44.782 [main] DEBUG - Save part 'docProps/core.xml'
10:36:44.783 [main] DEBUG - Save part 'xl/sharedStrings.xml'
10:36:44.783 [main] DEBUG - Save part 'xl/styles.xml'
10:36:44.783 [main] DEBUG - Save part 'xl/workbook.xml'
10:36:44.784 [main] DEBUG - Save part 'xl/worksheets/sheet1.xml'
10:36:44.785 [main] INFO  - ---- TestCase_02_01_StoringTheYearTableInExcel Ended ----
10:36:55.219 [main] INFO  - 
---- TestCase_03_01_EMICalculator_ValidatingLoanAmountTextBox Started ----
10:37:07.101 [main] INFO  - ---- TestCase_03_01_EMICalculator_ValidatingLoanAmountTextBox Ended ----
10:37:07.235 [main] INFO  - ---- TestCase_03_02_EMICalculator_ValidatingLoanAmountSlider Started ----
10:37:07.318 [main] INFO  - ---- TestCase_03_02_EMICalculator_ValidatingLoanAmountSlider Ended ----

10:37:07.444 [main] INFO  - 
---- TestCase_03_03_EMICalculator_ScaleChangeForLoanAmountTextBoxAndSlider Started ----
10:37:18.338 [main] INFO  - ---- TestCase_03_03_EMICalculator_ScaleChangeForLoanAmountTextBoxAndSlider Ended ----

10:37:18.459 [main] INFO  - 
---- TestCase_03_04_EMICalculator_ValidatingInterestRateTextBox Started ----
10:37:18.524 [main] INFO  - ---- TestCase_03_04_EMICalculator_ValidatingInterestRateTextBox Ended ----

10:37:18.656 [main] INFO  - 
---- TestCase_03_05_EMICalculator_ValidatingInterestRateSlider Started ----
10:37:18.726 [main] INFO  - ---- TestCase_03_05_EMICalculator_ValidatingInterestRateSlider Ended ----

10:37:18.886 [main] INFO  - 
---- TestCase_03_06_EMICalculator_ScaleChangeForInterestRateTextBoxAndSlider Started ----
10:37:34.784 [main] INFO  - ---- TestCase_03_06_EMICalculator_ScaleChangeForInterestRateTextBoxAndSlider Ended ----

10:37:34.906 [main] INFO  - 
---- TestCase_03_07_EMICalculator_ValidatingLoanTenureTextBox Started ----
10:37:35.025 [main] INFO  - ---- TestCase_03_07_EMICalculator_ValidatingLoanTenureTextBox Ended ----

10:37:35.173 [main] INFO  - 
---- TestCase_03_08_EMICalculator_ValidatingLoanTenureSlider Started ----
10:37:35.254 [main] INFO  - ---- TestCase_03_08_EMICalculator_ValidatingLoanTenureSlider Ended ----

10:37:35.387 [main] INFO  - 
---- TestCase_03_09_EMICalculator_ScaleChangeForLoanTenureTextBoxAndSlider Started ----
10:37:51.307 [main] INFO  - ---- TestCase_03_09_EMICalculator_ScaleChangeForLoanTenureTextBoxAndSlider Ended ----

10:37:51.424 [main] INFO  - 
---- TestCase_03_10_EMICalculator_ValidatingFeesAndChargesTextBox Started ----
10:37:51.514 [main] INFO  - ---- TestCase_03_10_EMICalculator_ValidatingFeesAndChargesTextBox Ended ----

10:37:51.623 [main] INFO  - 
---- TestCase_03_11_EMICalculator_ValidatingFeesAndChargesSlider Started ----
10:37:51.697 [main] INFO  - ---- TestCase_03_11_EMICalculator_ValidatingFeesAndChargesSlider Ended ----

10:37:51.814 [main] INFO  - 
---- TestCase_03_12_EMICalculator_ScaleChangeForFeesAndChargesTextBoxAndSlider Started ----
10:38:07.726 [main] INFO  - ---- TestCase_03_12_EMICalculator_ScaleChangeForFeesAndChargesTextBoxAndSlider Ended ----

10:38:43.257 [main] INFO  - 
---- TestCase_03_01_EMICalculator_ValidatingLoanAmountTextBox Started ----
10:38:49.832 [main] INFO  - 
---- TestCase_03_13_EMICalculator_ScaleChangewithLoanAmountTextBox Started ----
10:38:49.941 [main] DEBUG - Parsing relationship: /xl/_rels/workbook.xml.rels
10:38:49.943 [main] DEBUG - Parsing relationship: /_rels/.rels
10:39:05.807 [main] DEBUG - Parsing relationship: /xl/_rels/workbook.xml.rels
10:39:05.808 [main] DEBUG - Parsing relationship: /_rels/.rels
10:39:20.863 [main] INFO  - ---- TestCase_03_13_EMICalculator_ScaleChangewithLoanAmountTextBox Ended ----

10:39:20.983 [main] INFO  - 
---- TestCase_03_14_EMICalculator_ScaleChangewithInterestRateTextBox Started ----
10:39:20.988 [main] DEBUG - Parsing relationship: /xl/_rels/workbook.xml.rels
10:39:20.988 [main] DEBUG - Parsing relationship: /_rels/.rels
10:39:26.987 [main] DEBUG - Parsing relationship: /xl/_rels/workbook.xml.rels
10:39:26.988 [main] DEBUG - Parsing relationship: /_rels/.rels
10:39:32.080 [main] INFO  - ---- TestCase_03_14_EMICalculator_ScaleChangewithInterestRateTextBox Ended ----

10:39:32.210 [main] INFO  - 
---- TestCase_03_15_EMICalculator_ScaleChangewithLoanTenureTextBox Started ----
10:39:32.214 [main] DEBUG - Parsing relationship: /xl/_rels/workbook.xml.rels
10:39:32.214 [main] DEBUG - Parsing relationship: /_rels/.rels
10:39:37.781 [main] DEBUG - Parsing relationship: /xl/_rels/workbook.xml.rels
10:39:37.782 [main] DEBUG - Parsing relationship: /_rels/.rels
10:39:42.870 [main] INFO  - ---- TestCase_03_15_EMICalculator_ScaleChangewithLoanTenureTextBox Ended ----

10:39:42.975 [main] INFO  - 
---- TestCase_03_16_EMICalculator_ScaleChangewithFeesAndChargesTextBox Started ----
10:39:42.978 [main] DEBUG - Parsing relationship: /xl/_rels/workbook.xml.rels
10:39:42.978 [main] DEBUG - Parsing relationship: /_rels/.rels
10:39:48.852 [main] DEBUG - Parsing relationship: /xl/_rels/workbook.xml.rels
10:39:48.854 [main] DEBUG - Parsing relationship: /_rels/.rels
10:39:54.000 [main] INFO  - ---- TestCase_03_16_EMICalculator_ScaleChangewithFeesAndChargesTextBox Ended ----

10:40:21.488 [main] INFO  - ---- TestCase_03_01_EMICalculator_ValidatingLoanAmountTextBox Started ----
10:40:25.013 [main] INFO  - 
---- TestCase_03_17_LoanAmtCalculator_ValidatingEMITextBox Started ----
10:40:25.118 [main] INFO  - ---- TestCase_03_17_LoanAmtCalculator_ValidatingEMITextBox Ended ----

10:40:25.337 [main] INFO  - 
---- TestCase_03_18_LoanAmtCalculator_ValidatingEMISlider Started ----
10:40:25.427 [main] INFO  - ---- TestCase_03_18_LoanAmtCalculator_ValidatingEMISlider Ended ----

10:40:25.611 [main] INFO  - 
---- TestCase_03_19_LoanAmtCalculator_ScaleChangeForEMITextBoxAndSlider Started ----
10:40:46.557 [main] INFO  - ---- TestCase_03_19_LoanAmtCalculator_ScaleChangeForEMITextBoxAndSlider Ended ----

10:40:46.677 [main] INFO  - 
---- TestCase_03_20_LoanAmtCalculator_ValidatingInterestRateTextBox Started ----
10:40:46.741 [main] INFO  - ---- TestCase_03_20_LoanAmtCalculator_ValidatingInterestRateTextBox Ended ----

10:40:46.882 [main] INFO  - 
---- TestCase_03_21_LoanAmtCalculator_ValidatingInterestRateSlider Started ----
10:40:46.972 [main] INFO  - ---- TestCase_03_21_LoanAmtCalculator_ValidatingInterestRateSlider Ended ----

10:40:47.107 [main] INFO  - 
---- TestCase_03_22_LoanAmtCalculator_ScaleChangeForInterestRateTextBoxAndSlider Started ----
10:40:48.029 [main] INFO  - ---- TestCase_03_22_LoanAmtCalculator_ScaleChangeForInterestRateTextBoxAndSlider Ended ----

10:40:48.181 [main] INFO  - 
---- TestCase_03_23_LoanAmtCalculator_ValidatingLoanTenureTextBox Started ----
10:40:48.263 [main] INFO  - ---- TestCase_03_23_LoanAmtCalculator_ValidatingLoanTenureTextBox Ended ----

10:40:48.426 [main] INFO  - 
---- TestCase_03_24_LoanAmtCalculator_ValidatingLoanTenureSlider Started ----
10:40:48.511 [main] INFO  - ---- TestCase_03_24_LoanAmtCalculator_ValidatingLoanTenureSlider Ended ----

10:40:48.678 [main] INFO  - 
---- TestCase_03_25_LoanAmtCalculator_ScaleChangeForLoanTenureTextBoxAndSlider Started ----
10:40:49.592 [main] INFO  - ---- TestCase_03_25_LoanAmtCalculator_ScaleChangeForLoanTenureTextBoxAndSlider Ended ----

10:40:49.745 [main] INFO  - 
---- TestCase_03_26_LoanAmtCalculator_ValidatingFeesAndChargesTextBox Started ----
10:40:49.824 [main] INFO  - ---- TestCase_03_26_LoanAmtCalculator_ValidatingFeesAndChargesTextBox Ended ----

10:40:49.962 [main] INFO  - ---- TestCase_03_27_LoanAmtCalculator_ValidatingFeesAndChargesSlider Started ----
10:40:50.048 [main] INFO  - ---- TestCase_03_27_LoanAmtCalculator_ValidatingFeesAndChargesSlider Ended ----

10:40:50.221 [main] INFO  - 
---- TestCase_03_28_LoanAmtCalculator_ScaleChangeForFeesAndChargesTextBoxAndSlider Started ----
10:40:51.248 [main] INFO  - ---- TestCase_03_28_LoanAmtCalculator_ScaleChangeForFeesAndChargesTextBoxAndSlider Ended ----

10:41:00.708 [main] INFO  - ---- TestCase_03_01_EMICalculator_ValidatingLoanAmountTextBox Started ----
10:41:02.946 [main] INFO  - 
---- TestCase_03_29_EMICalculator_ScaleChangeForLoanAmountTextBoxAndSlider Started ----
10:41:03.012 [main] DEBUG - Parsing relationship: /xl/_rels/workbook.xml.rels
10:41:03.014 [main] DEBUG - Parsing relationship: /_rels/.rels
10:41:18.919 [main] DEBUG - Parsing relationship: /xl/_rels/workbook.xml.rels
10:41:18.919 [main] DEBUG - Parsing relationship: /_rels/.rels
10:41:28.961 [main] INFO  - ---- TestCase_03_29_EMICalculator_ScaleChangeForLoanAmountTextBoxAndSlider Ended ----

10:41:29.041 [main] INFO  - 
---- TestCase_03_30_EMICalculator_ScaleChangewithInterestRateTextBox Started ----
10:41:29.044 [main] DEBUG - Parsing relationship: /xl/_rels/workbook.xml.rels
10:41:29.045 [main] DEBUG - Parsing relationship: /_rels/.rels
10:41:34.731 [main] DEBUG - Parsing relationship: /xl/_rels/workbook.xml.rels
10:41:34.732 [main] DEBUG - Parsing relationship: /_rels/.rels
10:41:39.812 [main] INFO  - ---- TestCase_03_30_EMICalculator_ScaleChangewithInterestRateTextBox Ended ----

10:41:39.911 [main] INFO  - 
---- TestCase_03_31_EMICalculator_ScaleChangewithLoanTenureTextBox Started ----
10:41:39.913 [main] DEBUG - Parsing relationship: /xl/_rels/workbook.xml.rels
10:41:39.914 [main] DEBUG - Parsing relationship: /_rels/.rels
10:41:45.462 [main] DEBUG - Parsing relationship: /xl/_rels/workbook.xml.rels
10:41:45.463 [main] DEBUG - Parsing relationship: /_rels/.rels
10:41:50.587 [main] INFO  - ---- TestCase_03_31_EMICalculator_ScaleChangewithLoanTenureTextBox Ended ----

10:41:50.747 [main] INFO  - 
---- TestCase_03_32_EMICalculator_ScaleChangewithFeesAndChargesTextBox Started ----
10:41:50.753 [main] DEBUG - Parsing relationship: /xl/_rels/workbook.xml.rels
10:41:50.753 [main] DEBUG - Parsing relationship: /_rels/.rels
10:41:56.611 [main] DEBUG - Parsing relationship: /xl/_rels/workbook.xml.rels
10:41:56.612 [main] DEBUG - Parsing relationship: /_rels/.rels
10:42:01.765 [main] INFO  - ---- TestCase_03_32_EMICalculator_ScaleChangewithFeesAndChargesTextBox Ended ----
10:42:15.765 [main] INFO  - 
---- TestCase_03_33_LoanTenureCalculator_ValidatingLoanAmountTextBox Started ----
10:42:20.871 [main] INFO  - ---- TestCase_03_33_LoanTenureCalculator_ValidatingLoanAmountTextBox Ended ----

10:42:21.034 [main] INFO  - 
---- TestCase_03_34_LoanTenureCalculator_ValidatingLoanAmountSlider Started ----
10:42:21.147 [main] INFO  - ---- TestCase_03_34_LoanTenureCalculator_ValidatingLoanAmountSlider Ended ----

10:42:21.292 [main] INFO  - 
---- TestCase_03_35_LoanTenureCalculator_ScaleChangeForLoanAmountTextBoxAndSlider Started ----
10:42:22.469 [main] INFO  - ---- TestCase_03_35_LoanTenureCalculator_ScaleChangeForLoanAmountTextBoxAndSlider Ended ----

10:42:22.656 [main] INFO  - 
---- TestCase_03_36_LoanTenureCalculator_ValidatingEMITextBox Started ----
10:42:22.892 [main] INFO  - ---- TestCase_03_36_LoanTenureCalculator_ValidatingEMITextBox Ended ----

10:42:23.137 [main] INFO  - 
---- TestCase_03_37_LoanTenureCalculator_ValidatingEMISlider Started ----
10:42:23.338 [main] INFO  - ---- TestCase_03_37_LoanTenureCalculator_ValidatingEMISlider Ended ----

10:42:23.543 [main] INFO  - 
---- TestCase_03_38_LoanTenureCalculator_ScaleChangeForEMITextBoxAndSlider Started ----
10:42:36.759 [main] INFO  - ---- TestCase_03_38_LoanTenureCalculator_ScaleChangeForEMITextBoxAndSlider Ended ----

10:42:36.890 [main] INFO  - 
---- TestCase_03_39_LoanTenureCalculator_ValidatingInterestRateTextBox Started ----
10:42:36.974 [main] INFO  - ---- TestCase_03_39_LoanTenureCalculator_ValidatingInterestRateTextBox Ended ----

10:42:37.085 [main] INFO  - 
---- TestCase_03_40_LoanTenureCalculator_ValidatingInterestRateSlider Started ----
10:42:37.172 [main] INFO  - ---- TestCase_03_40_LoanTenureCalculator_ValidatingInterestRateSlider Ended ----

10:42:37.295 [main] INFO  - 
---- TestCase_03_41_LoanTenureCalculator_ScaleChangeForInterestRateTextBoxAndSlider Started ----
10:42:38.284 [main] INFO  - ---- TestCase_03_41_LoanTenureCalculator_ScaleChangeForInterestRateTextBoxAndSlider Ended ----

10:42:38.432 [main] INFO  - 
---- TestCase_03_42_LoanTenureCalculator_ValidatingFeesAndChargesTextBox Started ----
10:42:39.108 [main] INFO  - ---- TestCase_03_42_LoanTenureCalculator_ValidatingFeesAndChargesTextBox Ended ----

10:42:39.271 [main] INFO  - 
---- TestCase_03_45_LoanTenureCalculator_ValidatingFeesAndChargesSlider Started ----
10:42:39.422 [main] INFO  - ---- TestCase_03_45_LoanTenureCalculator_ValidatingFeesAndChargesSlider Ended ----

10:42:39.603 [main] INFO  - 
---- TestCase_03_46_LoanTenureCalculator_ScaleChangeForFeesAndChargesTextBoxAndSlider Started ----
10:42:40.557 [main] INFO  - ---- TestCase_03_46_LoanTenureCalculator_ScaleChangeForFeesAndChargesTextBoxAndSlider Ended ----

10:42:54.927 [main] INFO  - 
---- TestCase_03_47_EMICalculator_ScaleChangewithLoanAmountTextBox Started ----
10:43:25.821 [main] INFO  - ---- TestCase_03_47_EMICalculator_ScaleChangewithLoanAmountTextBox Ended ----

10:43:25.986 [main] INFO  - 
---- TestCase_03_48_EMICalculator_ScaleChangewithInterestRateTextBox Started ----
10:43:36.821 [main] INFO  - ---- TestCase_03_48_EMICalculator_ScaleChangewithInterestRateTextBox Ended ----

10:43:36.957 [main] INFO  - 
---- TestCase_03_49_EMICalculator_ScaleChangewithFeesAndChargesTextBox Started ----
10:43:47.782 [main] INFO  - ---- TestCase_03_49_EMICalculator_ScaleChangewithFeesAndChargesTextBox Ended ----

